{
  service: 'api-produits',
  port: 3002,
  environment: 'development',
  features: [ 'DDoS Protection', 'Prometheus Metrics', 'Structured Logging' ],
  level: 'info',
  message: 'Server started',
  timestamp: '2025-06-12 10:56:21'
}
{
  service: 'api-produits',
  api: 'http://localhost:3002/api',
  metrics: 'http://localhost:3002/metrics',
  swagger: 'http://localhost:3002/api-docs',
  level: 'info',
  message: 'API endpoints available',
  timestamp: '2025-06-12 10:56:21'
}
{
  service: 'api-produits',
  timestamp: '2025-06-12 10:56:37',
  method: 'GET',
  url: '/api-docs/',
  route: '/',
  statusCode: 304,
  duration: '3ms',
  userAgent: 'Mozilla/5.0 (Windows NT 10.0; Win64; x64) AppleWebKit/537.36 (KHTML, like Gecko) Chrome/137.0.0.0 Safari/537.36 Edg/137.0.0.0',
  ip: '::1',
  query: {},
  body: undefined,
  level: 'info',
  message: 'API Call Success'
}
{
  service: 'api-produits',
  timestamp: '2025-06-12 10:56:37',
  method: 'GET',
  url: '/api-docs/swagger-ui.css',
  route: '/swagger-ui.css',
  statusCode: 304,
  duration: '2ms',
  userAgent: 'Mozilla/5.0 (Windows NT 10.0; Win64; x64) AppleWebKit/537.36 (KHTML, like Gecko) Chrome/137.0.0.0 Safari/537.36 Edg/137.0.0.0',
  ip: '::1',
  query: {},
  body: undefined,
  level: 'info',
  message: 'API Call Success'
}
{
  service: 'api-produits',
  timestamp: '2025-06-12 10:56:37',
  method: 'GET',
  url: '/api-docs/swagger-ui-bundle.js',
  route: '/swagger-ui-bundle.js',
  statusCode: 304,
  duration: '1ms',
  userAgent: 'Mozilla/5.0 (Windows NT 10.0; Win64; x64) AppleWebKit/537.36 (KHTML, like Gecko) Chrome/137.0.0.0 Safari/537.36 Edg/137.0.0.0',
  ip: '::1',
  query: {},
  body: undefined,
  level: 'info',
  message: 'API Call Success'
}
{
  service: 'api-produits',
  timestamp: '2025-06-12 10:56:37',
  method: 'GET',
  url: '/api-docs/swagger-ui-standalone-preset.js',
  route: '/swagger-ui-standalone-preset.js',
  statusCode: 304,
  duration: '2ms',
  userAgent: 'Mozilla/5.0 (Windows NT 10.0; Win64; x64) AppleWebKit/537.36 (KHTML, like Gecko) Chrome/137.0.0.0 Safari/537.36 Edg/137.0.0.0',
  ip: '::1',
  query: {},
  body: undefined,
  level: 'info',
  message: 'API Call Success'
}
{
  service: 'api-produits',
  timestamp: '2025-06-12 10:56:37',
  method: 'GET',
  url: '/api-docs/swagger-ui-init.js',
  route: '/swagger-ui-init.js',
  statusCode: 304,
  duration: '0ms',
  userAgent: 'Mozilla/5.0 (Windows NT 10.0; Win64; x64) AppleWebKit/537.36 (KHTML, like Gecko) Chrome/137.0.0.0 Safari/537.36 Edg/137.0.0.0',
  ip: '::1',
  query: {},
  body: undefined,
  level: 'info',
  message: 'API Call Success'
}
